SF:lib/src/config/app_config.dart
DA:151,1
DA:201,0
DA:249,0
DA:250,0
DA:251,0
DA:252,0
DA:253,0
DA:254,0
DA:255,0
DA:256,0
DA:257,0
DA:258,0
DA:259,0
DA:260,0
DA:261,0
DA:262,0
DA:263,0
DA:264,0
DA:265,0
DA:266,0
DA:267,0
DA:268,0
DA:269,0
DA:270,0
DA:271,0
DA:272,0
DA:273,0
DA:274,0
DA:275,0
DA:276,0
DA:277,0
DA:278,0
DA:279,0
DA:280,0
DA:282,0
DA:283,0
DA:284,0
DA:285,0
DA:286,0
DA:287,0
DA:288,0
DA:289,0
DA:290,0
DA:291,0
DA:292,0
DA:293,0
DA:294,0
DA:295,0
DA:300,0
DA:313,0
DA:327,0
LF:51
LH:1
end_of_record
SF:lib/src/services/camera_service.dart
DA:29,1
DA:34,0
DA:35,0
DA:36,0
DA:39,0
DA:41,0
DA:42,0
DA:43,0
DA:46,0
DA:53,0
DA:57,0
DA:60,0
DA:62,0
DA:65,0
DA:66,0
DA:67,0
DA:68,0
DA:72,0
DA:75,0
DA:78,0
DA:83,0
DA:84,0
DA:86,0
DA:87,0
DA:89,0
DA:90,0
DA:96,0
DA:97,0
DA:98,0
DA:103,0
DA:104,0
DA:105,0
DA:108,0
DA:109,0
DA:111,0
DA:113,0
DA:114,0
DA:115,0
DA:122,0
DA:123,0
DA:125,0
DA:126,0
DA:128,0
DA:134,0
DA:135,0
DA:137,0
DA:139,0
DA:140,0
DA:142,0
DA:147,1
DA:149,6
DA:150,2
DA:154,3
DA:161,3
DA:162,2
DA:163,1
DA:166,1
DA:167,1
DA:168,2
DA:169,5
DA:172,0
DA:174,0
DA:175,0
DA:180,1
DA:182,6
DA:186,3
DA:187,1
DA:194,2
DA:195,2
DA:196,1
DA:199,1
DA:201,1
DA:204,3
DA:207,2
DA:208,2
DA:209,0
DA:213,1
DA:215,3
DA:216,0
DA:218,0
DA:224,2
DA:227,2
DA:230,2
DA:233,2
DA:236,0
DA:237,0
DA:240,0
DA:241,0
DA:242,0
DA:243,0
DA:245,0
DA:246,0
DA:247,0
DA:248,0
DA:251,0
DA:257,1
DA:258,1
DA:259,1
DA:261,2
DA:264,1
DA:265,0
DA:266,0
DA:268,0
DA:271,0
DA:273,1
DA:274,1
DA:275,2
LF:107
LH:38
end_of_record
SF:lib/src/config/messages_config.dart
DA:62,1
LF:1
LH:1
end_of_record
SF:lib/src/config/challenge_hint_config.dart
DA:18,1
DA:28,0
DA:37,0
DA:38,0
DA:39,0
DA:40,0
DA:41,0
DA:42,0
DA:43,0
DA:44,0
DA:48,0
DA:52,0
LF:12
LH:1
end_of_record
